2025-07-29 21:36:21,601 - BearDetection - INFO - __init__:34 - Bear Detection Application starting...
2025-07-29 21:36:21,644 - BearDetection - INFO - initialize_components:45 - Initializing camera...
2025-07-29 21:36:22,036 - BearDetection - INFO - start:61 - Camera initialized: 1280x720 @ 30fps
2025-07-29 21:36:22,037 - BearDetection - INFO - initialize_components:51 - Initializing bear detector...
2025-07-29 21:36:22,038 - BearDetection - INFO - _get_device:44 - CUDA not available. Using CPU
2025-07-29 21:36:22,038 - BearDetection - INFO - load_model:51 - Loading YOLO model: yolov8s.pt
2025-07-29 21:36:24,615 - BearDetection - INFO - load_model:58 - Model classes: {0: 'person', 1: 'bicycle', 2: 'car', 3: 'motorcycle', 4: 'airplane', 5: 'bus', 6: 'train', 7: 'truck', 8: 'boat', 9: 'traffic light', 10: 'fire hydrant', 11: 'stop sign', 12: 'parking meter', 13: 'bench', 14: 'bird', 15: 'cat', 16: 'dog', 17: 'horse', 18: 'sheep', 19: 'cow', 20: 'elephant', 21: 'bear', 22: 'zebra', 23: 'giraffe', 24: 'backpack', 25: 'umbrella', 26: 'handbag', 27: 'tie', 28: 'suitcase', 29: 'frisbee', 30: 'skis', 31: 'snowboard', 32: 'sports ball', 33: 'kite', 34: 'baseball bat', 35: 'baseball glove', 36: 'skateboard', 37: 'surfboard', 38: 'tennis racket', 39: 'bottle', 40: 'wine glass', 41: 'cup', 42: 'fork', 43: 'knife', 44: 'spoon', 45: 'bowl', 46: 'banana', 47: 'apple', 48: 'sandwich', 49: 'orange', 50: 'broccoli', 51: 'carrot', 52: 'hot dog', 53: 'pizza', 54: 'donut', 55: 'cake', 56: 'chair', 57: 'couch', 58: 'potted plant', 59: 'bed', 60: 'dining table', 61: 'toilet', 62: 'tv', 63: 'laptop', 64: 'mouse', 65: 'remote', 66: 'keyboard', 67: 'cell phone', 68: 'microwave', 69: 'oven', 70: 'toaster', 71: 'sink', 72: 'refrigerator', 73: 'book', 74: 'clock', 75: 'vase', 76: 'scissors', 77: 'teddy bear', 78: 'hair drier', 79: 'toothbrush'}
2025-07-29 21:36:24,616 - BearDetection - INFO - load_model:64 - Found bear class: 'bear' (ID: 21)
2025-07-29 21:36:24,619 - BearDetection - INFO - load_model:70 - Model loaded successfully on cpu
2025-07-29 21:36:24,700 - BearDetection - INFO - run:92 - Application started successfully
2025-07-29 21:40:39,080 - BearDetection - WARNING - _capture_loop:106 - Failed to read frame from camera
2025-07-29 21:40:39,184 - BearDetection - WARNING - _capture_loop:106 - Failed to read frame from camera
2025-07-29 21:40:39,292 - BearDetection - WARNING - _capture_loop:106 - Failed to read frame from camera
2025-07-29 21:40:39,394 - BearDetection - WARNING - _capture_loop:106 - Failed to read frame from camera
2025-07-29 21:40:39,495 - BearDetection - WARNING - _capture_loop:106 - Failed to read frame from camera
2025-07-29 21:40:39,596 - BearDetection - WARNING - _capture_loop:106 - Failed to read frame from camera
2025-07-29 21:40:39,698 - BearDetection - WARNING - _capture_loop:106 - Failed to read frame from camera
2025-07-29 21:40:39,799 - BearDetection - WARNING - _capture_loop:106 - Failed to read frame from camera
2025-07-29 21:40:39,900 - BearDetection - WARNING - _capture_loop:106 - Failed to read frame from camera
2025-07-29 21:40:40,002 - BearDetection - WARNING - _capture_loop:106 - Failed to read frame from camera
2025-07-29 21:40:40,103 - BearDetection - WARNING - _capture_loop:106 - Failed to read frame from camera
2025-07-29 21:40:40,205 - BearDetection - WARNING - _capture_loop:106 - Failed to read frame from camera
2025-07-29 21:40:40,307 - BearDetection - WARNING - _capture_loop:106 - Failed to read frame from camera
2025-07-29 21:40:40,408 - BearDetection - WARNING - _capture_loop:106 - Failed to read frame from camera
2025-07-29 21:40:40,510 - BearDetection - WARNING - _capture_loop:106 - Failed to read frame from camera
2025-07-29 21:40:40,611 - BearDetection - WARNING - _capture_loop:106 - Failed to read frame from camera
2025-07-29 21:40:40,712 - BearDetection - WARNING - _capture_loop:106 - Failed to read frame from camera
2025-07-29 21:40:40,814 - BearDetection - WARNING - _capture_loop:106 - Failed to read frame from camera
2025-07-29 21:40:40,916 - BearDetection - WARNING - _capture_loop:106 - Failed to read frame from camera
2025-07-29 21:40:41,018 - BearDetection - WARNING - _capture_loop:106 - Failed to read frame from camera
2025-07-29 21:40:41,122 - BearDetection - WARNING - _capture_loop:106 - Failed to read frame from camera
2025-07-29 21:40:41,224 - BearDetection - WARNING - _capture_loop:106 - Failed to read frame from camera
2025-07-29 21:40:41,326 - BearDetection - WARNING - _capture_loop:106 - Failed to read frame from camera
2025-07-29 21:40:41,427 - BearDetection - WARNING - _capture_loop:106 - Failed to read frame from camera
2025-07-29 21:40:41,529 - BearDetection - WARNING - _capture_loop:106 - Failed to read frame from camera
2025-07-29 21:40:41,630 - BearDetection - WARNING - _capture_loop:106 - Failed to read frame from camera
2025-07-29 21:40:41,732 - BearDetection - WARNING - _capture_loop:106 - Failed to read frame from camera
2025-07-29 21:40:41,833 - BearDetection - WARNING - _capture_loop:106 - Failed to read frame from camera
2025-07-29 21:40:41,935 - BearDetection - WARNING - _capture_loop:106 - Failed to read frame from camera
2025-07-29 21:40:42,037 - BearDetection - WARNING - _capture_loop:106 - Failed to read frame from camera
2025-07-29 21:40:42,138 - BearDetection - WARNING - _capture_loop:106 - Failed to read frame from camera
2025-07-29 21:40:42,240 - BearDetection - WARNING - _capture_loop:106 - Failed to read frame from camera
2025-07-29 21:40:42,341 - BearDetection - WARNING - _capture_loop:106 - Failed to read frame from camera
2025-07-29 21:40:42,443 - BearDetection - WARNING - _capture_loop:106 - Failed to read frame from camera
2025-07-29 21:40:42,545 - BearDetection - WARNING - _capture_loop:106 - Failed to read frame from camera
2025-07-29 21:40:42,646 - BearDetection - WARNING - _capture_loop:106 - Failed to read frame from camera
2025-07-29 21:40:42,747 - BearDetection - WARNING - _capture_loop:106 - Failed to read frame from camera
2025-07-29 21:40:42,849 - BearDetection - WARNING - _capture_loop:106 - Failed to read frame from camera
2025-07-29 21:40:42,951 - BearDetection - WARNING - _capture_loop:106 - Failed to read frame from camera
2025-07-29 21:40:43,052 - BearDetection - WARNING - _capture_loop:106 - Failed to read frame from camera
2025-07-29 21:40:43,154 - BearDetection - WARNING - _capture_loop:106 - Failed to read frame from camera
2025-07-29 21:40:43,255 - BearDetection - WARNING - _capture_loop:106 - Failed to read frame from camera
2025-07-29 21:40:43,357 - BearDetection - WARNING - _capture_loop:106 - Failed to read frame from camera
2025-07-29 21:40:43,458 - BearDetection - WARNING - _capture_loop:106 - Failed to read frame from camera
2025-07-29 21:40:43,560 - BearDetection - WARNING - _capture_loop:106 - Failed to read frame from camera
2025-07-29 21:40:43,661 - BearDetection - WARNING - _capture_loop:106 - Failed to read frame from camera
2025-07-29 21:40:43,763 - BearDetection - WARNING - _capture_loop:106 - Failed to read frame from camera
2025-07-29 21:40:43,864 - BearDetection - WARNING - _capture_loop:106 - Failed to read frame from camera
2025-07-29 21:40:43,966 - BearDetection - WARNING - _capture_loop:106 - Failed to read frame from camera
2025-07-29 21:40:44,067 - BearDetection - WARNING - _capture_loop:106 - Failed to read frame from camera
2025-07-29 21:40:44,168 - BearDetection - WARNING - _capture_loop:106 - Failed to read frame from camera
2025-07-29 21:40:44,270 - BearDetection - WARNING - _capture_loop:106 - Failed to read frame from camera
2025-07-29 21:40:44,371 - BearDetection - WARNING - _capture_loop:106 - Failed to read frame from camera
2025-07-29 21:40:44,472 - BearDetection - WARNING - _capture_loop:106 - Failed to read frame from camera
2025-07-29 21:40:44,574 - BearDetection - WARNING - _capture_loop:106 - Failed to read frame from camera
2025-07-29 21:40:44,676 - BearDetection - WARNING - _capture_loop:106 - Failed to read frame from camera
2025-07-29 21:40:44,777 - BearDetection - WARNING - _capture_loop:106 - Failed to read frame from camera
2025-07-29 21:40:44,879 - BearDetection - WARNING - _capture_loop:106 - Failed to read frame from camera
2025-07-29 21:40:44,981 - BearDetection - WARNING - _capture_loop:106 - Failed to read frame from camera
2025-07-29 21:40:45,083 - BearDetection - WARNING - _capture_loop:106 - Failed to read frame from camera
2025-07-29 21:40:45,184 - BearDetection - WARNING - _capture_loop:106 - Failed to read frame from camera
2025-07-29 21:40:45,286 - BearDetection - WARNING - _capture_loop:106 - Failed to read frame from camera
2025-07-29 21:40:45,388 - BearDetection - WARNING - _capture_loop:106 - Failed to read frame from camera
2025-07-29 21:40:45,489 - BearDetection - WARNING - _capture_loop:106 - Failed to read frame from camera
2025-07-29 21:40:45,590 - BearDetection - WARNING - _capture_loop:106 - Failed to read frame from camera
2025-07-29 21:40:45,692 - BearDetection - WARNING - _capture_loop:106 - Failed to read frame from camera
2025-07-29 21:40:45,793 - BearDetection - WARNING - _capture_loop:106 - Failed to read frame from camera
2025-07-29 21:40:45,894 - BearDetection - WARNING - _capture_loop:106 - Failed to read frame from camera
2025-07-29 21:40:45,996 - BearDetection - WARNING - _capture_loop:106 - Failed to read frame from camera
2025-07-29 21:40:46,097 - BearDetection - WARNING - _capture_loop:106 - Failed to read frame from camera
2025-07-29 21:40:46,199 - BearDetection - WARNING - _capture_loop:106 - Failed to read frame from camera
2025-07-29 21:40:46,300 - BearDetection - WARNING - _capture_loop:106 - Failed to read frame from camera
2025-07-29 21:40:46,402 - BearDetection - WARNING - _capture_loop:106 - Failed to read frame from camera
2025-07-29 21:40:46,503 - BearDetection - WARNING - _capture_loop:106 - Failed to read frame from camera
2025-07-29 21:40:46,605 - BearDetection - WARNING - _capture_loop:106 - Failed to read frame from camera
2025-07-29 21:40:46,707 - BearDetection - WARNING - _capture_loop:106 - Failed to read frame from camera
2025-07-29 21:40:46,808 - BearDetection - WARNING - _capture_loop:106 - Failed to read frame from camera
2025-07-29 21:40:46,910 - BearDetection - WARNING - _capture_loop:106 - Failed to read frame from camera
2025-07-29 21:40:47,012 - BearDetection - WARNING - _capture_loop:106 - Failed to read frame from camera
2025-07-29 21:40:47,113 - BearDetection - WARNING - _capture_loop:106 - Failed to read frame from camera
2025-07-29 21:40:47,215 - BearDetection - WARNING - _capture_loop:106 - Failed to read frame from camera
2025-07-29 21:40:47,316 - BearDetection - WARNING - _capture_loop:106 - Failed to read frame from camera
2025-07-29 21:40:47,418 - BearDetection - WARNING - _capture_loop:106 - Failed to read frame from camera
2025-07-29 21:40:47,520 - BearDetection - WARNING - _capture_loop:106 - Failed to read frame from camera
2025-07-29 21:40:47,622 - BearDetection - WARNING - _capture_loop:106 - Failed to read frame from camera
2025-07-29 21:40:47,723 - BearDetection - WARNING - _capture_loop:106 - Failed to read frame from camera
2025-07-29 21:40:47,825 - BearDetection - WARNING - _capture_loop:106 - Failed to read frame from camera
2025-07-29 21:40:47,926 - BearDetection - WARNING - _capture_loop:106 - Failed to read frame from camera
2025-07-29 21:40:48,028 - BearDetection - WARNING - _capture_loop:106 - Failed to read frame from camera
2025-07-29 21:40:48,129 - BearDetection - WARNING - _capture_loop:106 - Failed to read frame from camera
2025-07-29 21:40:48,230 - BearDetection - WARNING - _capture_loop:106 - Failed to read frame from camera
2025-07-29 21:40:48,332 - BearDetection - WARNING - _capture_loop:106 - Failed to read frame from camera
2025-07-29 21:40:48,433 - BearDetection - WARNING - _capture_loop:106 - Failed to read frame from camera
2025-07-29 21:40:48,535 - BearDetection - WARNING - _capture_loop:106 - Failed to read frame from camera
2025-07-29 21:40:48,637 - BearDetection - WARNING - _capture_loop:106 - Failed to read frame from camera
2025-07-29 21:40:48,738 - BearDetection - WARNING - _capture_loop:106 - Failed to read frame from camera
2025-07-29 21:40:48,840 - BearDetection - WARNING - _capture_loop:106 - Failed to read frame from camera
2025-07-29 21:40:48,942 - BearDetection - WARNING - _capture_loop:106 - Failed to read frame from camera
2025-07-29 21:40:49,044 - BearDetection - WARNING - _capture_loop:106 - Failed to read frame from camera
2025-07-29 21:40:49,145 - BearDetection - WARNING - _capture_loop:106 - Failed to read frame from camera
2025-07-29 21:40:49,247 - BearDetection - WARNING - _capture_loop:106 - Failed to read frame from camera
2025-07-29 21:40:49,348 - BearDetection - WARNING - _capture_loop:106 - Failed to read frame from camera
2025-07-29 21:40:49,450 - BearDetection - WARNING - _capture_loop:106 - Failed to read frame from camera
2025-07-29 21:40:49,551 - BearDetection - WARNING - _capture_loop:106 - Failed to read frame from camera
2025-07-29 21:40:49,653 - BearDetection - WARNING - _capture_loop:106 - Failed to read frame from camera
2025-07-29 21:40:49,754 - BearDetection - WARNING - _capture_loop:106 - Failed to read frame from camera
2025-07-29 21:40:49,855 - BearDetection - WARNING - _capture_loop:106 - Failed to read frame from camera
2025-07-29 21:40:49,956 - BearDetection - WARNING - _capture_loop:106 - Failed to read frame from camera
2025-07-29 21:40:50,057 - BearDetection - WARNING - _capture_loop:106 - Failed to read frame from camera
2025-07-29 21:40:50,159 - BearDetection - WARNING - _capture_loop:106 - Failed to read frame from camera
2025-07-29 21:40:50,261 - BearDetection - WARNING - _capture_loop:106 - Failed to read frame from camera
2025-07-29 21:40:50,363 - BearDetection - WARNING - _capture_loop:106 - Failed to read frame from camera
2025-07-29 21:40:50,464 - BearDetection - WARNING - _capture_loop:106 - Failed to read frame from camera
2025-07-29 21:40:50,566 - BearDetection - WARNING - _capture_loop:106 - Failed to read frame from camera
2025-07-29 21:40:50,667 - BearDetection - WARNING - _capture_loop:106 - Failed to read frame from camera
2025-07-29 21:40:50,769 - BearDetection - WARNING - _capture_loop:106 - Failed to read frame from camera
2025-07-29 21:40:50,871 - BearDetection - WARNING - _capture_loop:106 - Failed to read frame from camera
2025-07-29 21:40:50,972 - BearDetection - WARNING - _capture_loop:106 - Failed to read frame from camera
2025-07-29 21:40:51,074 - BearDetection - WARNING - _capture_loop:106 - Failed to read frame from camera
2025-07-29 21:40:51,176 - BearDetection - WARNING - _capture_loop:106 - Failed to read frame from camera
2025-07-29 21:40:51,277 - BearDetection - WARNING - _capture_loop:106 - Failed to read frame from camera
2025-07-29 21:40:51,379 - BearDetection - WARNING - _capture_loop:106 - Failed to read frame from camera
2025-07-29 21:40:51,480 - BearDetection - WARNING - _capture_loop:106 - Failed to read frame from camera
2025-07-29 21:40:51,582 - BearDetection - WARNING - _capture_loop:106 - Failed to read frame from camera
2025-07-29 21:40:51,683 - BearDetection - WARNING - _capture_loop:106 - Failed to read frame from camera
2025-07-29 21:40:51,785 - BearDetection - WARNING - _capture_loop:106 - Failed to read frame from camera
2025-07-29 21:40:51,886 - BearDetection - WARNING - _capture_loop:106 - Failed to read frame from camera
2025-07-29 21:40:51,988 - BearDetection - WARNING - _capture_loop:106 - Failed to read frame from camera
2025-07-29 21:40:52,090 - BearDetection - WARNING - _capture_loop:106 - Failed to read frame from camera
2025-07-29 21:40:52,192 - BearDetection - WARNING - _capture_loop:106 - Failed to read frame from camera
2025-07-29 21:40:52,294 - BearDetection - WARNING - _capture_loop:106 - Failed to read frame from camera
2025-07-29 21:40:52,395 - BearDetection - WARNING - _capture_loop:106 - Failed to read frame from camera
2025-07-29 21:40:52,496 - BearDetection - WARNING - _capture_loop:106 - Failed to read frame from camera
2025-07-29 21:40:52,598 - BearDetection - WARNING - _capture_loop:106 - Failed to read frame from camera
2025-07-29 21:40:52,699 - BearDetection - WARNING - _capture_loop:106 - Failed to read frame from camera
2025-07-29 21:40:52,801 - BearDetection - WARNING - _capture_loop:106 - Failed to read frame from camera
2025-07-29 21:40:52,903 - BearDetection - WARNING - _capture_loop:106 - Failed to read frame from camera
2025-07-29 21:40:53,006 - BearDetection - WARNING - _capture_loop:106 - Failed to read frame from camera
2025-07-29 21:40:53,107 - BearDetection - WARNING - _capture_loop:106 - Failed to read frame from camera
2025-07-29 21:40:53,209 - BearDetection - WARNING - _capture_loop:106 - Failed to read frame from camera
2025-07-29 21:40:53,310 - BearDetection - WARNING - _capture_loop:106 - Failed to read frame from camera
2025-07-29 21:40:53,412 - BearDetection - WARNING - _capture_loop:106 - Failed to read frame from camera
2025-07-29 21:40:53,513 - BearDetection - WARNING - _capture_loop:106 - Failed to read frame from camera
2025-07-29 21:40:53,615 - BearDetection - WARNING - _capture_loop:106 - Failed to read frame from camera
2025-07-29 21:40:53,716 - BearDetection - WARNING - _capture_loop:106 - Failed to read frame from camera
2025-07-29 21:40:53,817 - BearDetection - WARNING - _capture_loop:106 - Failed to read frame from camera
2025-07-29 21:40:53,920 - BearDetection - WARNING - _capture_loop:106 - Failed to read frame from camera
2025-07-29 21:40:54,022 - BearDetection - WARNING - _capture_loop:106 - Failed to read frame from camera
2025-07-29 21:40:54,123 - BearDetection - WARNING - _capture_loop:106 - Failed to read frame from camera
2025-07-29 21:40:54,225 - BearDetection - WARNING - _capture_loop:106 - Failed to read frame from camera
2025-07-29 21:40:54,327 - BearDetection - WARNING - _capture_loop:106 - Failed to read frame from camera
2025-07-29 21:40:54,429 - BearDetection - WARNING - _capture_loop:106 - Failed to read frame from camera
2025-07-29 21:40:54,530 - BearDetection - WARNING - _capture_loop:106 - Failed to read frame from camera
2025-07-29 21:40:54,632 - BearDetection - WARNING - _capture_loop:106 - Failed to read frame from camera
2025-07-29 21:40:54,733 - BearDetection - WARNING - _capture_loop:106 - Failed to read frame from camera
2025-07-29 21:40:54,835 - BearDetection - WARNING - _capture_loop:106 - Failed to read frame from camera
2025-07-29 21:40:54,937 - BearDetection - WARNING - _capture_loop:106 - Failed to read frame from camera
2025-07-29 21:40:55,039 - BearDetection - WARNING - _capture_loop:106 - Failed to read frame from camera
2025-07-29 21:40:55,141 - BearDetection - WARNING - _capture_loop:106 - Failed to read frame from camera
2025-07-29 21:40:55,243 - BearDetection - WARNING - _capture_loop:106 - Failed to read frame from camera
2025-07-29 21:40:55,344 - BearDetection - WARNING - _capture_loop:106 - Failed to read frame from camera
2025-07-29 21:40:55,445 - BearDetection - WARNING - _capture_loop:106 - Failed to read frame from camera
2025-07-29 21:40:55,547 - BearDetection - WARNING - _capture_loop:106 - Failed to read frame from camera
2025-07-29 21:40:55,650 - BearDetection - WARNING - _capture_loop:106 - Failed to read frame from camera
2025-07-29 21:40:55,751 - BearDetection - WARNING - _capture_loop:106 - Failed to read frame from camera
2025-07-29 21:40:55,852 - BearDetection - WARNING - _capture_loop:106 - Failed to read frame from camera
2025-07-29 21:40:55,954 - BearDetection - WARNING - _capture_loop:106 - Failed to read frame from camera
2025-07-29 21:40:56,056 - BearDetection - WARNING - _capture_loop:106 - Failed to read frame from camera
2025-07-29 21:40:56,157 - BearDetection - WARNING - _capture_loop:106 - Failed to read frame from camera
2025-07-29 21:40:56,259 - BearDetection - WARNING - _capture_loop:106 - Failed to read frame from camera
2025-07-29 21:40:56,360 - BearDetection - WARNING - _capture_loop:106 - Failed to read frame from camera
2025-07-29 21:40:56,462 - BearDetection - WARNING - _capture_loop:106 - Failed to read frame from camera
2025-07-29 21:40:56,564 - BearDetection - WARNING - _capture_loop:106 - Failed to read frame from camera
2025-07-29 21:40:56,665 - BearDetection - WARNING - _capture_loop:106 - Failed to read frame from camera
2025-07-29 21:40:56,767 - BearDetection - WARNING - _capture_loop:106 - Failed to read frame from camera
2025-07-29 21:40:56,870 - BearDetection - WARNING - _capture_loop:106 - Failed to read frame from camera
2025-07-29 21:40:56,972 - BearDetection - WARNING - _capture_loop:106 - Failed to read frame from camera
2025-07-29 21:40:57,073 - BearDetection - WARNING - _capture_loop:106 - Failed to read frame from camera
2025-07-29 21:40:57,175 - BearDetection - WARNING - _capture_loop:106 - Failed to read frame from camera
2025-07-29 21:40:57,276 - BearDetection - WARNING - _capture_loop:106 - Failed to read frame from camera
2025-07-29 21:40:57,377 - BearDetection - WARNING - _capture_loop:106 - Failed to read frame from camera
2025-07-29 21:40:57,479 - BearDetection - WARNING - _capture_loop:106 - Failed to read frame from camera
2025-07-29 21:40:57,581 - BearDetection - WARNING - _capture_loop:106 - Failed to read frame from camera
2025-07-29 21:40:57,682 - BearDetection - WARNING - _capture_loop:106 - Failed to read frame from camera
2025-07-29 21:40:57,784 - BearDetection - WARNING - _capture_loop:106 - Failed to read frame from camera
2025-07-29 21:40:57,886 - BearDetection - WARNING - _capture_loop:106 - Failed to read frame from camera
2025-07-29 21:40:57,987 - BearDetection - WARNING - _capture_loop:106 - Failed to read frame from camera
2025-07-29 21:40:58,089 - BearDetection - WARNING - _capture_loop:106 - Failed to read frame from camera
2025-07-29 21:40:58,190 - BearDetection - WARNING - _capture_loop:106 - Failed to read frame from camera
2025-07-29 21:40:58,292 - BearDetection - WARNING - _capture_loop:106 - Failed to read frame from camera
2025-07-29 21:40:58,393 - BearDetection - WARNING - _capture_loop:106 - Failed to read frame from camera
2025-07-29 21:40:58,496 - BearDetection - WARNING - _capture_loop:106 - Failed to read frame from camera
2025-07-29 21:40:58,597 - BearDetection - WARNING - _capture_loop:106 - Failed to read frame from camera
2025-07-29 21:40:58,699 - BearDetection - WARNING - _capture_loop:106 - Failed to read frame from camera
2025-07-29 21:40:58,800 - BearDetection - WARNING - _capture_loop:106 - Failed to read frame from camera
2025-07-29 21:40:58,902 - BearDetection - WARNING - _capture_loop:106 - Failed to read frame from camera
2025-07-29 21:40:59,004 - BearDetection - WARNING - _capture_loop:106 - Failed to read frame from camera
2025-07-29 21:40:59,105 - BearDetection - WARNING - _capture_loop:106 - Failed to read frame from camera
2025-07-29 21:40:59,207 - BearDetection - WARNING - _capture_loop:106 - Failed to read frame from camera
2025-07-29 21:40:59,309 - BearDetection - WARNING - _capture_loop:106 - Failed to read frame from camera
2025-07-29 21:40:59,410 - BearDetection - WARNING - _capture_loop:106 - Failed to read frame from camera
2025-07-29 21:40:59,512 - BearDetection - WARNING - _capture_loop:106 - Failed to read frame from camera
2025-07-29 21:40:59,613 - BearDetection - WARNING - _capture_loop:106 - Failed to read frame from camera
2025-07-29 21:40:59,715 - BearDetection - WARNING - _capture_loop:106 - Failed to read frame from camera
2025-07-29 21:40:59,816 - BearDetection - WARNING - _capture_loop:106 - Failed to read frame from camera
2025-07-29 21:40:59,918 - BearDetection - WARNING - _capture_loop:106 - Failed to read frame from camera
2025-07-29 21:41:00,020 - BearDetection - WARNING - _capture_loop:106 - Failed to read frame from camera
2025-07-29 21:41:00,121 - BearDetection - WARNING - _capture_loop:106 - Failed to read frame from camera
2025-07-29 21:41:00,222 - BearDetection - WARNING - _capture_loop:106 - Failed to read frame from camera
2025-07-29 21:41:00,324 - BearDetection - WARNING - _capture_loop:106 - Failed to read frame from camera
2025-07-29 21:41:00,425 - BearDetection - WARNING - _capture_loop:106 - Failed to read frame from camera
2025-07-29 21:41:00,527 - BearDetection - WARNING - _capture_loop:106 - Failed to read frame from camera
2025-07-29 21:41:00,628 - BearDetection - WARNING - _capture_loop:106 - Failed to read frame from camera
2025-07-29 21:41:00,730 - BearDetection - WARNING - _capture_loop:106 - Failed to read frame from camera
2025-07-29 21:41:00,831 - BearDetection - WARNING - _capture_loop:106 - Failed to read frame from camera
2025-07-29 21:41:00,933 - BearDetection - WARNING - _capture_loop:106 - Failed to read frame from camera
2025-07-29 21:41:01,034 - BearDetection - WARNING - _capture_loop:106 - Failed to read frame from camera
2025-07-29 21:41:01,136 - BearDetection - WARNING - _capture_loop:106 - Failed to read frame from camera
2025-07-29 21:41:01,237 - BearDetection - WARNING - _capture_loop:106 - Failed to read frame from camera
2025-07-29 21:41:01,339 - BearDetection - WARNING - _capture_loop:106 - Failed to read frame from camera
2025-07-29 21:41:01,441 - BearDetection - WARNING - _capture_loop:106 - Failed to read frame from camera
2025-07-29 21:41:01,543 - BearDetection - WARNING - _capture_loop:106 - Failed to read frame from camera
2025-07-29 21:41:01,644 - BearDetection - WARNING - _capture_loop:106 - Failed to read frame from camera
2025-07-29 21:41:01,746 - BearDetection - WARNING - _capture_loop:106 - Failed to read frame from camera
2025-07-29 21:41:01,847 - BearDetection - WARNING - _capture_loop:106 - Failed to read frame from camera
2025-07-29 21:41:01,949 - BearDetection - WARNING - _capture_loop:106 - Failed to read frame from camera
2025-07-29 21:41:02,050 - BearDetection - WARNING - _capture_loop:106 - Failed to read frame from camera
2025-07-29 21:41:02,152 - BearDetection - WARNING - _capture_loop:106 - Failed to read frame from camera
2025-07-29 21:41:02,253 - BearDetection - WARNING - _capture_loop:106 - Failed to read frame from camera
2025-07-29 21:41:02,355 - BearDetection - WARNING - _capture_loop:106 - Failed to read frame from camera
2025-07-29 21:41:02,456 - BearDetection - WARNING - _capture_loop:106 - Failed to read frame from camera
2025-07-29 21:41:02,558 - BearDetection - WARNING - _capture_loop:106 - Failed to read frame from camera
2025-07-29 21:41:02,660 - BearDetection - WARNING - _capture_loop:106 - Failed to read frame from camera
2025-07-29 21:41:02,762 - BearDetection - WARNING - _capture_loop:106 - Failed to read frame from camera
2025-07-29 21:41:02,863 - BearDetection - WARNING - _capture_loop:106 - Failed to read frame from camera
2025-07-29 21:41:02,965 - BearDetection - WARNING - _capture_loop:106 - Failed to read frame from camera
2025-07-29 21:41:03,067 - BearDetection - WARNING - _capture_loop:106 - Failed to read frame from camera
2025-07-29 21:41:03,169 - BearDetection - WARNING - _capture_loop:106 - Failed to read frame from camera
2025-07-29 21:41:03,270 - BearDetection - WARNING - _capture_loop:106 - Failed to read frame from camera
2025-07-29 21:41:03,372 - BearDetection - WARNING - _capture_loop:106 - Failed to read frame from camera
2025-07-29 21:41:03,473 - BearDetection - WARNING - _capture_loop:106 - Failed to read frame from camera
2025-07-29 21:41:03,575 - BearDetection - WARNING - _capture_loop:106 - Failed to read frame from camera
2025-07-29 21:41:03,676 - BearDetection - WARNING - _capture_loop:106 - Failed to read frame from camera
2025-07-29 21:41:03,778 - BearDetection - WARNING - _capture_loop:106 - Failed to read frame from camera
2025-07-29 21:41:03,879 - BearDetection - WARNING - _capture_loop:106 - Failed to read frame from camera
2025-07-29 21:41:03,981 - BearDetection - WARNING - _capture_loop:106 - Failed to read frame from camera
2025-07-29 21:41:04,082 - BearDetection - WARNING - _capture_loop:106 - Failed to read frame from camera
2025-07-29 21:41:04,184 - BearDetection - WARNING - _capture_loop:106 - Failed to read frame from camera
2025-07-29 21:41:04,285 - BearDetection - WARNING - _capture_loop:106 - Failed to read frame from camera
2025-07-29 21:41:04,387 - BearDetection - WARNING - _capture_loop:106 - Failed to read frame from camera
2025-07-29 21:41:04,489 - BearDetection - WARNING - _capture_loop:106 - Failed to read frame from camera
2025-07-29 21:41:04,591 - BearDetection - WARNING - _capture_loop:106 - Failed to read frame from camera
2025-07-29 21:41:04,692 - BearDetection - WARNING - _capture_loop:106 - Failed to read frame from camera
2025-07-29 21:41:04,794 - BearDetection - WARNING - _capture_loop:106 - Failed to read frame from camera
2025-07-29 21:41:04,896 - BearDetection - WARNING - _capture_loop:106 - Failed to read frame from camera
2025-07-29 21:41:04,997 - BearDetection - WARNING - _capture_loop:106 - Failed to read frame from camera
2025-07-29 21:41:05,099 - BearDetection - WARNING - _capture_loop:106 - Failed to read frame from camera
2025-07-29 21:41:05,201 - BearDetection - WARNING - _capture_loop:106 - Failed to read frame from camera
2025-07-29 21:41:05,302 - BearDetection - WARNING - _capture_loop:106 - Failed to read frame from camera
2025-07-29 21:41:05,403 - BearDetection - WARNING - _capture_loop:106 - Failed to read frame from camera
2025-07-29 21:41:05,505 - BearDetection - WARNING - _capture_loop:106 - Failed to read frame from camera
2025-07-29 21:41:05,606 - BearDetection - WARNING - _capture_loop:106 - Failed to read frame from camera
2025-07-29 21:41:05,709 - BearDetection - WARNING - _capture_loop:106 - Failed to read frame from camera
2025-07-29 21:41:05,810 - BearDetection - WARNING - _capture_loop:106 - Failed to read frame from camera
2025-07-29 21:41:05,911 - BearDetection - WARNING - _capture_loop:106 - Failed to read frame from camera
2025-07-29 21:41:06,014 - BearDetection - WARNING - _capture_loop:106 - Failed to read frame from camera
2025-07-29 21:41:06,116 - BearDetection - WARNING - _capture_loop:106 - Failed to read frame from camera
2025-07-29 21:41:06,217 - BearDetection - WARNING - _capture_loop:106 - Failed to read frame from camera
2025-07-29 21:41:06,319 - BearDetection - WARNING - _capture_loop:106 - Failed to read frame from camera
2025-07-29 21:41:06,420 - BearDetection - WARNING - _capture_loop:106 - Failed to read frame from camera
2025-07-29 21:41:06,521 - BearDetection - WARNING - _capture_loop:106 - Failed to read frame from camera
2025-07-29 21:41:06,623 - BearDetection - WARNING - _capture_loop:106 - Failed to read frame from camera
2025-07-29 21:41:06,725 - BearDetection - WARNING - _capture_loop:106 - Failed to read frame from camera
2025-07-29 21:41:06,826 - BearDetection - WARNING - _capture_loop:106 - Failed to read frame from camera
2025-07-29 21:41:06,928 - BearDetection - WARNING - _capture_loop:106 - Failed to read frame from camera
2025-07-29 21:41:07,030 - BearDetection - WARNING - _capture_loop:106 - Failed to read frame from camera
2025-07-29 21:41:07,131 - BearDetection - WARNING - _capture_loop:106 - Failed to read frame from camera
2025-07-29 21:41:07,233 - BearDetection - WARNING - _capture_loop:106 - Failed to read frame from camera
2025-07-29 21:41:07,335 - BearDetection - WARNING - _capture_loop:106 - Failed to read frame from camera
2025-07-29 21:41:07,436 - BearDetection - WARNING - _capture_loop:106 - Failed to read frame from camera
2025-07-29 21:41:07,538 - BearDetection - WARNING - _capture_loop:106 - Failed to read frame from camera
2025-07-29 21:41:07,639 - BearDetection - WARNING - _capture_loop:106 - Failed to read frame from camera
2025-07-29 21:41:07,741 - BearDetection - WARNING - _capture_loop:106 - Failed to read frame from camera
2025-07-29 21:41:07,843 - BearDetection - WARNING - _capture_loop:106 - Failed to read frame from camera
2025-07-29 21:41:07,944 - BearDetection - WARNING - _capture_loop:106 - Failed to read frame from camera
2025-07-29 21:41:08,046 - BearDetection - WARNING - _capture_loop:106 - Failed to read frame from camera
2025-07-29 21:41:08,147 - BearDetection - WARNING - _capture_loop:106 - Failed to read frame from camera
2025-07-29 21:41:08,249 - BearDetection - WARNING - _capture_loop:106 - Failed to read frame from camera
2025-07-29 21:41:08,351 - BearDetection - WARNING - _capture_loop:106 - Failed to read frame from camera
2025-07-29 21:41:08,453 - BearDetection - WARNING - _capture_loop:106 - Failed to read frame from camera
2025-07-29 21:41:08,555 - BearDetection - WARNING - _capture_loop:106 - Failed to read frame from camera
2025-07-29 21:41:08,656 - BearDetection - WARNING - _capture_loop:106 - Failed to read frame from camera
2025-07-29 21:41:08,757 - BearDetection - WARNING - _capture_loop:106 - Failed to read frame from camera
2025-07-29 21:41:08,859 - BearDetection - WARNING - _capture_loop:106 - Failed to read frame from camera
2025-07-29 21:41:08,961 - BearDetection - WARNING - _capture_loop:106 - Failed to read frame from camera
2025-07-29 21:41:09,062 - BearDetection - WARNING - _capture_loop:106 - Failed to read frame from camera
2025-07-29 21:41:09,163 - BearDetection - WARNING - _capture_loop:106 - Failed to read frame from camera
2025-07-29 21:41:09,265 - BearDetection - WARNING - _capture_loop:106 - Failed to read frame from camera
2025-07-29 21:41:09,367 - BearDetection - WARNING - _capture_loop:106 - Failed to read frame from camera
2025-07-29 21:41:09,468 - BearDetection - WARNING - _capture_loop:106 - Failed to read frame from camera
2025-07-29 21:41:09,570 - BearDetection - WARNING - _capture_loop:106 - Failed to read frame from camera
2025-07-29 21:41:09,671 - BearDetection - WARNING - _capture_loop:106 - Failed to read frame from camera
2025-07-29 21:41:09,773 - BearDetection - WARNING - _capture_loop:106 - Failed to read frame from camera
2025-07-29 21:41:09,874 - BearDetection - WARNING - _capture_loop:106 - Failed to read frame from camera
2025-07-29 21:41:09,976 - BearDetection - WARNING - _capture_loop:106 - Failed to read frame from camera
2025-07-29 21:41:10,077 - BearDetection - WARNING - _capture_loop:106 - Failed to read frame from camera
2025-07-29 21:41:10,179 - BearDetection - WARNING - _capture_loop:106 - Failed to read frame from camera
2025-07-29 21:41:10,280 - BearDetection - WARNING - _capture_loop:106 - Failed to read frame from camera
2025-07-29 21:41:10,382 - BearDetection - WARNING - _capture_loop:106 - Failed to read frame from camera
2025-07-29 21:41:10,484 - BearDetection - WARNING - _capture_loop:106 - Failed to read frame from camera
2025-07-29 21:41:10,585 - BearDetection - WARNING - _capture_loop:106 - Failed to read frame from camera
2025-07-29 21:41:10,686 - BearDetection - WARNING - _capture_loop:106 - Failed to read frame from camera
2025-07-29 21:41:10,788 - BearDetection - WARNING - _capture_loop:106 - Failed to read frame from camera
2025-07-29 21:41:10,890 - BearDetection - WARNING - _capture_loop:106 - Failed to read frame from camera
2025-07-29 21:41:10,992 - BearDetection - WARNING - _capture_loop:106 - Failed to read frame from camera
2025-07-29 21:41:11,093 - BearDetection - WARNING - _capture_loop:106 - Failed to read frame from camera
2025-07-29 21:41:11,194 - BearDetection - WARNING - _capture_loop:106 - Failed to read frame from camera
2025-07-29 21:41:11,296 - BearDetection - WARNING - _capture_loop:106 - Failed to read frame from camera
2025-07-29 21:41:11,397 - BearDetection - WARNING - _capture_loop:106 - Failed to read frame from camera
2025-07-29 21:41:11,500 - BearDetection - WARNING - _capture_loop:106 - Failed to read frame from camera
2025-07-29 21:41:11,602 - BearDetection - WARNING - _capture_loop:106 - Failed to read frame from camera
2025-07-29 21:41:11,703 - BearDetection - WARNING - _capture_loop:106 - Failed to read frame from camera
2025-07-29 21:41:11,805 - BearDetection - WARNING - _capture_loop:106 - Failed to read frame from camera
2025-07-29 21:41:11,907 - BearDetection - WARNING - _capture_loop:106 - Failed to read frame from camera
2025-07-29 21:41:12,009 - BearDetection - WARNING - _capture_loop:106 - Failed to read frame from camera
2025-07-29 21:41:12,110 - BearDetection - WARNING - _capture_loop:106 - Failed to read frame from camera
2025-07-29 21:41:12,212 - BearDetection - WARNING - _capture_loop:106 - Failed to read frame from camera
2025-07-29 21:41:12,313 - BearDetection - WARNING - _capture_loop:106 - Failed to read frame from camera
2025-07-29 21:41:12,414 - BearDetection - WARNING - _capture_loop:106 - Failed to read frame from camera
2025-07-29 21:41:12,515 - BearDetection - WARNING - _capture_loop:106 - Failed to read frame from camera
2025-07-29 21:41:12,617 - BearDetection - WARNING - _capture_loop:106 - Failed to read frame from camera
2025-07-29 21:41:12,718 - BearDetection - WARNING - _capture_loop:106 - Failed to read frame from camera
2025-07-29 21:41:12,820 - BearDetection - WARNING - _capture_loop:106 - Failed to read frame from camera
2025-07-29 21:41:12,922 - BearDetection - WARNING - _capture_loop:106 - Failed to read frame from camera
2025-07-29 21:41:13,023 - BearDetection - WARNING - _capture_loop:106 - Failed to read frame from camera
2025-07-29 21:41:13,125 - BearDetection - WARNING - _capture_loop:106 - Failed to read frame from camera
2025-07-29 21:41:13,226 - BearDetection - WARNING - _capture_loop:106 - Failed to read frame from camera
2025-07-29 21:41:13,328 - BearDetection - WARNING - _capture_loop:106 - Failed to read frame from camera
2025-07-29 21:41:13,429 - BearDetection - WARNING - _capture_loop:106 - Failed to read frame from camera
2025-07-29 21:41:13,530 - BearDetection - WARNING - _capture_loop:106 - Failed to read frame from camera
2025-07-29 21:41:13,632 - BearDetection - WARNING - _capture_loop:106 - Failed to read frame from camera
2025-07-29 21:41:13,734 - BearDetection - WARNING - _capture_loop:106 - Failed to read frame from camera
2025-07-29 21:41:13,835 - BearDetection - WARNING - _capture_loop:106 - Failed to read frame from camera
2025-07-29 21:41:13,936 - BearDetection - WARNING - _capture_loop:106 - Failed to read frame from camera
2025-07-29 21:41:14,037 - BearDetection - WARNING - _capture_loop:106 - Failed to read frame from camera
2025-07-29 21:41:14,140 - BearDetection - WARNING - _capture_loop:106 - Failed to read frame from camera
2025-07-29 21:41:14,241 - BearDetection - WARNING - _capture_loop:106 - Failed to read frame from camera
2025-07-29 21:41:14,344 - BearDetection - WARNING - _capture_loop:106 - Failed to read frame from camera
2025-07-29 21:41:14,445 - BearDetection - WARNING - _capture_loop:106 - Failed to read frame from camera
2025-07-29 21:41:14,547 - BearDetection - WARNING - _capture_loop:106 - Failed to read frame from camera
2025-07-29 21:41:14,649 - BearDetection - WARNING - _capture_loop:106 - Failed to read frame from camera
2025-07-29 21:41:14,750 - BearDetection - WARNING - _capture_loop:106 - Failed to read frame from camera
2025-07-29 21:41:14,851 - BearDetection - WARNING - _capture_loop:106 - Failed to read frame from camera
2025-07-29 21:41:14,953 - BearDetection - WARNING - _capture_loop:106 - Failed to read frame from camera
2025-07-29 21:41:15,054 - BearDetection - WARNING - _capture_loop:106 - Failed to read frame from camera
2025-07-29 21:41:15,155 - BearDetection - WARNING - _capture_loop:106 - Failed to read frame from camera
2025-07-29 21:41:15,257 - BearDetection - WARNING - _capture_loop:106 - Failed to read frame from camera
2025-07-29 21:41:15,358 - BearDetection - WARNING - _capture_loop:106 - Failed to read frame from camera
2025-07-29 21:41:15,460 - BearDetection - WARNING - _capture_loop:106 - Failed to read frame from camera
2025-07-29 21:41:15,561 - BearDetection - WARNING - _capture_loop:106 - Failed to read frame from camera
2025-07-29 21:41:15,662 - BearDetection - WARNING - _capture_loop:106 - Failed to read frame from camera
2025-07-29 21:41:15,763 - BearDetection - WARNING - _capture_loop:106 - Failed to read frame from camera
2025-07-29 21:41:15,865 - BearDetection - WARNING - _capture_loop:106 - Failed to read frame from camera
2025-07-29 21:41:15,966 - BearDetection - WARNING - _capture_loop:106 - Failed to read frame from camera
2025-07-29 21:41:16,067 - BearDetection - WARNING - _capture_loop:106 - Failed to read frame from camera
2025-07-29 21:41:16,169 - BearDetection - WARNING - _capture_loop:106 - Failed to read frame from camera
2025-07-29 21:41:16,270 - BearDetection - WARNING - _capture_loop:106 - Failed to read frame from camera
2025-07-29 21:41:16,371 - BearDetection - WARNING - _capture_loop:106 - Failed to read frame from camera
2025-07-29 21:41:16,472 - BearDetection - WARNING - _capture_loop:106 - Failed to read frame from camera
2025-07-29 21:41:16,574 - BearDetection - WARNING - _capture_loop:106 - Failed to read frame from camera
2025-07-29 21:41:16,675 - BearDetection - WARNING - _capture_loop:106 - Failed to read frame from camera
2025-07-29 21:41:16,777 - BearDetection - WARNING - _capture_loop:106 - Failed to read frame from camera
2025-07-29 21:41:16,878 - BearDetection - WARNING - _capture_loop:106 - Failed to read frame from camera
2025-07-29 21:41:16,979 - BearDetection - WARNING - _capture_loop:106 - Failed to read frame from camera
2025-07-29 21:41:17,081 - BearDetection - WARNING - _capture_loop:106 - Failed to read frame from camera
2025-07-29 21:41:17,182 - BearDetection - WARNING - _capture_loop:106 - Failed to read frame from camera
2025-07-29 21:41:17,283 - BearDetection - WARNING - _capture_loop:106 - Failed to read frame from camera
2025-07-29 21:41:17,385 - BearDetection - WARNING - _capture_loop:106 - Failed to read frame from camera
2025-07-29 21:41:17,486 - BearDetection - WARNING - _capture_loop:106 - Failed to read frame from camera
2025-07-29 21:41:17,587 - BearDetection - WARNING - _capture_loop:106 - Failed to read frame from camera
2025-07-29 21:41:17,688 - BearDetection - WARNING - _capture_loop:106 - Failed to read frame from camera
2025-07-29 21:41:17,790 - BearDetection - WARNING - _capture_loop:106 - Failed to read frame from camera
2025-07-29 21:41:17,891 - BearDetection - WARNING - _capture_loop:106 - Failed to read frame from camera
2025-07-29 21:41:17,993 - BearDetection - WARNING - _capture_loop:106 - Failed to read frame from camera
2025-07-29 21:41:18,094 - BearDetection - WARNING - _capture_loop:106 - Failed to read frame from camera
2025-07-29 21:41:18,196 - BearDetection - WARNING - _capture_loop:106 - Failed to read frame from camera
2025-07-29 21:41:18,297 - BearDetection - WARNING - _capture_loop:106 - Failed to read frame from camera
2025-07-29 21:41:18,398 - BearDetection - WARNING - _capture_loop:106 - Failed to read frame from camera
2025-07-29 21:41:18,500 - BearDetection - WARNING - _capture_loop:106 - Failed to read frame from camera
2025-07-29 21:41:18,601 - BearDetection - WARNING - _capture_loop:106 - Failed to read frame from camera
2025-07-29 21:41:18,703 - BearDetection - WARNING - _capture_loop:106 - Failed to read frame from camera
2025-07-29 21:41:18,804 - BearDetection - WARNING - _capture_loop:106 - Failed to read frame from camera
2025-07-29 21:41:18,906 - BearDetection - WARNING - _capture_loop:106 - Failed to read frame from camera
2025-07-29 21:41:19,008 - BearDetection - WARNING - _capture_loop:106 - Failed to read frame from camera
2025-07-29 21:41:19,109 - BearDetection - WARNING - _capture_loop:106 - Failed to read frame from camera
2025-07-29 21:41:19,210 - BearDetection - WARNING - _capture_loop:106 - Failed to read frame from camera
2025-07-29 21:41:19,311 - BearDetection - WARNING - _capture_loop:106 - Failed to read frame from camera
2025-07-29 21:41:19,412 - BearDetection - WARNING - _capture_loop:106 - Failed to read frame from camera
2025-07-29 21:41:19,513 - BearDetection - WARNING - _capture_loop:106 - Failed to read frame from camera
2025-07-29 21:41:19,614 - BearDetection - WARNING - _capture_loop:106 - Failed to read frame from camera
2025-07-29 21:41:19,715 - BearDetection - WARNING - _capture_loop:106 - Failed to read frame from camera
2025-07-29 21:41:19,817 - BearDetection - WARNING - _capture_loop:106 - Failed to read frame from camera
2025-07-29 21:41:19,918 - BearDetection - WARNING - _capture_loop:106 - Failed to read frame from camera
2025-07-29 21:41:20,020 - BearDetection - WARNING - _capture_loop:106 - Failed to read frame from camera
2025-07-29 21:41:20,121 - BearDetection - WARNING - _capture_loop:106 - Failed to read frame from camera
2025-07-29 21:41:20,222 - BearDetection - WARNING - _capture_loop:106 - Failed to read frame from camera
2025-07-29 21:41:20,324 - BearDetection - WARNING - _capture_loop:106 - Failed to read frame from camera
2025-07-29 21:41:20,426 - BearDetection - WARNING - _capture_loop:106 - Failed to read frame from camera
2025-07-29 21:41:20,527 - BearDetection - WARNING - _capture_loop:106 - Failed to read frame from camera
2025-07-29 21:41:20,629 - BearDetection - WARNING - _capture_loop:106 - Failed to read frame from camera
2025-07-29 21:41:20,730 - BearDetection - WARNING - _capture_loop:106 - Failed to read frame from camera
2025-07-29 21:41:20,831 - BearDetection - WARNING - _capture_loop:106 - Failed to read frame from camera
2025-07-29 21:41:20,932 - BearDetection - WARNING - _capture_loop:106 - Failed to read frame from camera
2025-07-29 21:41:21,033 - BearDetection - WARNING - _capture_loop:106 - Failed to read frame from camera
2025-07-29 21:41:21,135 - BearDetection - WARNING - _capture_loop:106 - Failed to read frame from camera
2025-07-29 21:41:21,236 - BearDetection - WARNING - _capture_loop:106 - Failed to read frame from camera
2025-07-29 21:41:21,338 - BearDetection - WARNING - _capture_loop:106 - Failed to read frame from camera
2025-07-29 21:41:21,439 - BearDetection - WARNING - _capture_loop:106 - Failed to read frame from camera
2025-07-29 21:41:21,540 - BearDetection - WARNING - _capture_loop:106 - Failed to read frame from camera
2025-07-29 21:41:21,642 - BearDetection - WARNING - _capture_loop:106 - Failed to read frame from camera
2025-07-29 21:41:21,744 - BearDetection - WARNING - _capture_loop:106 - Failed to read frame from camera
2025-07-29 21:41:21,845 - BearDetection - WARNING - _capture_loop:106 - Failed to read frame from camera
2025-07-29 21:41:21,947 - BearDetection - WARNING - _capture_loop:106 - Failed to read frame from camera
2025-07-29 21:41:22,049 - BearDetection - WARNING - _capture_loop:106 - Failed to read frame from camera
2025-07-29 21:41:22,150 - BearDetection - WARNING - _capture_loop:106 - Failed to read frame from camera
2025-07-29 21:41:22,251 - BearDetection - WARNING - _capture_loop:106 - Failed to read frame from camera
2025-07-29 21:41:22,352 - BearDetection - WARNING - _capture_loop:106 - Failed to read frame from camera
2025-07-29 21:41:22,454 - BearDetection - WARNING - _capture_loop:106 - Failed to read frame from camera
2025-07-29 21:41:22,555 - BearDetection - WARNING - _capture_loop:106 - Failed to read frame from camera
2025-07-29 21:41:22,657 - BearDetection - WARNING - _capture_loop:106 - Failed to read frame from camera
2025-07-29 21:41:22,758 - BearDetection - WARNING - _capture_loop:106 - Failed to read frame from camera
2025-07-29 21:41:22,860 - BearDetection - WARNING - _capture_loop:106 - Failed to read frame from camera
2025-07-29 21:41:22,961 - BearDetection - WARNING - _capture_loop:106 - Failed to read frame from camera
2025-07-29 21:41:23,063 - BearDetection - WARNING - _capture_loop:106 - Failed to read frame from camera
2025-07-29 21:41:23,165 - BearDetection - WARNING - _capture_loop:106 - Failed to read frame from camera
2025-07-29 21:41:23,267 - BearDetection - WARNING - _capture_loop:106 - Failed to read frame from camera
2025-07-29 21:41:23,368 - BearDetection - WARNING - _capture_loop:106 - Failed to read frame from camera
2025-07-29 21:41:23,470 - BearDetection - WARNING - _capture_loop:106 - Failed to read frame from camera
2025-07-29 21:41:23,571 - BearDetection - WARNING - _capture_loop:106 - Failed to read frame from camera
2025-07-29 21:41:23,673 - BearDetection - WARNING - _capture_loop:106 - Failed to read frame from camera
2025-07-29 21:41:23,774 - BearDetection - WARNING - _capture_loop:106 - Failed to read frame from camera
2025-07-29 21:41:23,876 - BearDetection - WARNING - _capture_loop:106 - Failed to read frame from camera
2025-07-29 21:41:23,977 - BearDetection - WARNING - _capture_loop:106 - Failed to read frame from camera
2025-07-29 21:41:24,079 - BearDetection - WARNING - _capture_loop:106 - Failed to read frame from camera
2025-07-29 21:41:24,180 - BearDetection - WARNING - _capture_loop:106 - Failed to read frame from camera
2025-07-29 21:41:24,281 - BearDetection - WARNING - _capture_loop:106 - Failed to read frame from camera
2025-07-29 21:41:24,383 - BearDetection - WARNING - _capture_loop:106 - Failed to read frame from camera
2025-07-29 21:41:24,484 - BearDetection - WARNING - _capture_loop:106 - Failed to read frame from camera
2025-07-29 21:41:24,585 - BearDetection - WARNING - _capture_loop:106 - Failed to read frame from camera
2025-07-29 21:41:24,687 - BearDetection - WARNING - _capture_loop:106 - Failed to read frame from camera
2025-07-29 21:41:24,788 - BearDetection - WARNING - _capture_loop:106 - Failed to read frame from camera
2025-07-29 21:41:24,890 - BearDetection - WARNING - _capture_loop:106 - Failed to read frame from camera
2025-07-29 21:41:24,991 - BearDetection - WARNING - _capture_loop:106 - Failed to read frame from camera
2025-07-29 21:41:25,092 - BearDetection - WARNING - _capture_loop:106 - Failed to read frame from camera
2025-07-29 21:41:25,193 - BearDetection - WARNING - _capture_loop:106 - Failed to read frame from camera
2025-07-29 21:41:25,295 - BearDetection - WARNING - _capture_loop:106 - Failed to read frame from camera
2025-07-29 21:41:25,396 - BearDetection - WARNING - _capture_loop:106 - Failed to read frame from camera
2025-07-29 21:41:25,498 - BearDetection - WARNING - _capture_loop:106 - Failed to read frame from camera
2025-07-29 21:41:25,599 - BearDetection - WARNING - _capture_loop:106 - Failed to read frame from camera
2025-07-29 21:41:25,700 - BearDetection - WARNING - _capture_loop:106 - Failed to read frame from camera
2025-07-29 21:41:25,802 - BearDetection - WARNING - _capture_loop:106 - Failed to read frame from camera
2025-07-29 21:41:25,903 - BearDetection - WARNING - _capture_loop:106 - Failed to read frame from camera
2025-07-29 21:41:25,937 - BearDetection - INFO - cleanup:109 - Cleaning up resources...
2025-07-29 21:41:26,051 - BearDetection - INFO - stop:93 - Camera stopped. Total frames: 7466, Dropped: 4460
2025-07-29 21:41:26,052 - BearDetection - INFO - cleanup:117 - Application shutdown complete
